<?xml version="1.0" encoding="UTF-8"?>
<testsuite xmlns:xsi="http://www.w3.org/2001/XMLSchema-instance" xsi:noNamespaceSchemaLocation="https://maven.apache.org/surefire/maven-surefire-plugin/xsd/surefire-test-report.xsd" name="TestSuite" time="2.926" tests="5" errors="0" skipped="4" failures="1">
  <properties>
[...]
</properties>
  <testcase name="setUp" classname="com.qa.Katalon.tests.LoginPageTest" time="2.723">
    <failure message="session not created: This version of ChromeDriver only supports Chrome version 87&#10;Current browser version is 83.0.4103.97 with binary path C:\Program Files (x86)\Google\Chrome\Application\chrome.exe&#10;Build info: version: &apos;3.141.59&apos;, revision: &apos;e82be7d358&apos;, time: &apos;2018-11-14T08:17:03&apos;&#10;System info: host: &apos;ABHISHEKLAPTOP&apos;, ip: &apos;192.168.1.18&apos;, os.name: &apos;Windows 10&apos;, os.arch: &apos;amd64&apos;, os.version: &apos;10.0&apos;, java.version: &apos;1.8.0_241&apos;&#10;Driver info: driver.version: ChromeDriver&#10;remote stacktrace: Backtrace:&#10;	Ordinal0 [0x0092C0C3+3326147]&#10;	Ordinal0 [0x00810851+2164817]&#10;	Ordinal0 [0x00697298+619160]&#10;	Ordinal0 [0x00611D92+73106]&#10;	Ordinal0 [0x0060E119+57625]&#10;	Ordinal0 [0x0060C38A+50058]&#10;	Ordinal0 [0x00635F3E+220990]&#10;	Ordinal0 [0x00635CAC+220332]&#10;	Ordinal0 [0x0063189B+202907]&#10;	Ordinal0 [0x00613DF4+81396]&#10;	Ordinal0 [0x00614DEE+85486]&#10;	Ordinal0 [0x00614D79+85369]&#10;	Ordinal0 [0x008285DC+2262492]&#10;	GetHandleVerifier [0x00AB2874+1487204]&#10;	GetHandleVerifier [0x00AB23CD+1486013]&#10;	GetHandleVerifier [0x00ABA368+1518680]&#10;	GetHandleVerifier [0x00AB2F4E+1488958]&#10;	Ordinal0 [0x0081ED0D+2223373]&#10;	Ordinal0 [0x0082A12B+2269483]&#10;	Ordinal0 [0x0082A26F+2269807]&#10;	Ordinal0 [0x0083ECB8+2354360]&#10;	BaseThreadInitThunk [0x768FFA29+25]&#10;	RtlGetAppContainerNamedObjectPath [0x775C75F4+228]&#10;	RtlGetAppContainerNamedObjectPath [0x775C75C4+180]&#10;" type="org.openqa.selenium.SessionNotCreatedException">org.openqa.selenium.SessionNotCreatedException: 
session not created: This version of ChromeDriver only supports Chrome version 87
Current browser version is 83.0.4103.97 with binary path C:\Program Files (x86)\Google\Chrome\Application\chrome.exe
Build info: version: '3.141.59', revision: 'e82be7d358', time: '2018-11-14T08:17:03'
System info: host: 'ABHISHEKLAPTOP', ip: '192.168.1.18', os.name: 'Windows 10', os.arch: 'amd64', os.version: '10.0', java.version: '1.8.0_241'
Driver info: driver.version: ChromeDriver
remote stacktrace: Backtrace:
	Ordinal0 [0x0092C0C3+3326147]
	Ordinal0 [0x00810851+2164817]
	Ordinal0 [0x00697298+619160]
	Ordinal0 [0x00611D92+73106]
	Ordinal0 [0x0060E119+57625]
	Ordinal0 [0x0060C38A+50058]
	Ordinal0 [0x00635F3E+220990]
	Ordinal0 [0x00635CAC+220332]
	Ordinal0 [0x0063189B+202907]
	Ordinal0 [0x00613DF4+81396]
	Ordinal0 [0x00614DEE+85486]
	Ordinal0 [0x00614D79+85369]
	Ordinal0 [0x008285DC+2262492]
	GetHandleVerifier [0x00AB2874+1487204]
	GetHandleVerifier [0x00AB23CD+1486013]
	GetHandleVerifier [0x00ABA368+1518680]
	GetHandleVerifier [0x00AB2F4E+1488958]
	Ordinal0 [0x0081ED0D+2223373]
	Ordinal0 [0x0082A12B+2269483]
	Ordinal0 [0x0082A26F+2269807]
	Ordinal0 [0x0083ECB8+2354360]
	BaseThreadInitThunk [0x768FFA29+25]
	RtlGetAppContainerNamedObjectPath [0x775C75F4+228]
	RtlGetAppContainerNamedObjectPath [0x775C75C4+180]

	at com.qa.Katalon.tests.LoginPageTest.setUp(LoginPageTest.java:25)
</failure>
    <system-err><![CDATA[SLF4J: Failed to load class "org.slf4j.impl.StaticLoggerBinder".
SLF4J: Defaulting to no-operation (NOP) logger implementation
SLF4J: See http://www.slf4j.org/codes.html#StaticLoggerBinder for further details.
Starting ChromeDriver 87.0.4280.88 (89e2380a3e36c3464b5dd1302349b1382549290d-refs/branch-heads/4280@{#1761}) on port 15147
Only local connections are allowed.
Please see https://chromedriver.chromium.org/security-considerations for suggestions on keeping ChromeDriver safe.
ChromeDriver was started successfully.
]]></system-err>
  </testcase>
  <testcase name="verifyLoginPageTitle" classname="com.qa.Katalon.tests.LoginPageTest" time="0">
    <skipped message="session not created: This version of ChromeDriver only supports Chrome version 87&#10;Current browser version is 83.0.4103.97 with binary path C:\Program Files (x86)\Google\Chrome\Application\chrome.exe&#10;Build info: version: &apos;3.141.59&apos;, revision: &apos;e82be7d358&apos;, time: &apos;2018-11-14T08:17:03&apos;&#10;System info: host: &apos;ABHISHEKLAPTOP&apos;, ip: &apos;192.168.1.18&apos;, os.name: &apos;Windows 10&apos;, os.arch: &apos;amd64&apos;, os.version: &apos;10.0&apos;, java.version: &apos;1.8.0_241&apos;&#10;Driver info: driver.version: ChromeDriver&#10;remote stacktrace: Backtrace:&#10;	Ordinal0 [0x0092C0C3+3326147]&#10;	Ordinal0 [0x00810851+2164817]&#10;	Ordinal0 [0x00697298+619160]&#10;	Ordinal0 [0x00611D92+73106]&#10;	Ordinal0 [0x0060E119+57625]&#10;	Ordinal0 [0x0060C38A+50058]&#10;	Ordinal0 [0x00635F3E+220990]&#10;	Ordinal0 [0x00635CAC+220332]&#10;	Ordinal0 [0x0063189B+202907]&#10;	Ordinal0 [0x00613DF4+81396]&#10;	Ordinal0 [0x00614DEE+85486]&#10;	Ordinal0 [0x00614D79+85369]&#10;	Ordinal0 [0x008285DC+2262492]&#10;	GetHandleVerifier [0x00AB2874+1487204]&#10;	GetHandleVerifier [0x00AB23CD+1486013]&#10;	GetHandleVerifier [0x00ABA368+1518680]&#10;	GetHandleVerifier [0x00AB2F4E+1488958]&#10;	Ordinal0 [0x0081ED0D+2223373]&#10;	Ordinal0 [0x0082A12B+2269483]&#10;	Ordinal0 [0x0082A26F+2269807]&#10;	Ordinal0 [0x0083ECB8+2354360]&#10;	BaseThreadInitThunk [0x768FFA29+25]&#10;	RtlGetAppContainerNamedObjectPath [0x775C75F4+228]&#10;	RtlGetAppContainerNamedObjectPath [0x775C75C4+180]&#10;"/>
  </testcase>
  <testcase name="verifySignupLink" classname="com.qa.Katalon.tests.LoginPageTest" time="0">
    <skipped message="session not created: This version of ChromeDriver only supports Chrome version 87&#10;Current browser version is 83.0.4103.97 with binary path C:\Program Files (x86)\Google\Chrome\Application\chrome.exe&#10;Build info: version: &apos;3.141.59&apos;, revision: &apos;e82be7d358&apos;, time: &apos;2018-11-14T08:17:03&apos;&#10;System info: host: &apos;ABHISHEKLAPTOP&apos;, ip: &apos;192.168.1.18&apos;, os.name: &apos;Windows 10&apos;, os.arch: &apos;amd64&apos;, os.version: &apos;10.0&apos;, java.version: &apos;1.8.0_241&apos;&#10;Driver info: driver.version: ChromeDriver&#10;remote stacktrace: Backtrace:&#10;	Ordinal0 [0x0092C0C3+3326147]&#10;	Ordinal0 [0x00810851+2164817]&#10;	Ordinal0 [0x00697298+619160]&#10;	Ordinal0 [0x00611D92+73106]&#10;	Ordinal0 [0x0060E119+57625]&#10;	Ordinal0 [0x0060C38A+50058]&#10;	Ordinal0 [0x00635F3E+220990]&#10;	Ordinal0 [0x00635CAC+220332]&#10;	Ordinal0 [0x0063189B+202907]&#10;	Ordinal0 [0x00613DF4+81396]&#10;	Ordinal0 [0x00614DEE+85486]&#10;	Ordinal0 [0x00614D79+85369]&#10;	Ordinal0 [0x008285DC+2262492]&#10;	GetHandleVerifier [0x00AB2874+1487204]&#10;	GetHandleVerifier [0x00AB23CD+1486013]&#10;	GetHandleVerifier [0x00ABA368+1518680]&#10;	GetHandleVerifier [0x00AB2F4E+1488958]&#10;	Ordinal0 [0x0081ED0D+2223373]&#10;	Ordinal0 [0x0082A12B+2269483]&#10;	Ordinal0 [0x0082A26F+2269807]&#10;	Ordinal0 [0x0083ECB8+2354360]&#10;	BaseThreadInitThunk [0x768FFA29+25]&#10;	RtlGetAppContainerNamedObjectPath [0x775C75F4+228]&#10;	RtlGetAppContainerNamedObjectPath [0x775C75C4+180]&#10;"/>
  </testcase>
  <testcase name="loginPage" classname="com.qa.Katalon.tests.LoginPageTest" time="0">
    <skipped message="session not created: This version of ChromeDriver only supports Chrome version 87&#10;Current browser version is 83.0.4103.97 with binary path C:\Program Files (x86)\Google\Chrome\Application\chrome.exe&#10;Build info: version: &apos;3.141.59&apos;, revision: &apos;e82be7d358&apos;, time: &apos;2018-11-14T08:17:03&apos;&#10;System info: host: &apos;ABHISHEKLAPTOP&apos;, ip: &apos;192.168.1.18&apos;, os.name: &apos;Windows 10&apos;, os.arch: &apos;amd64&apos;, os.version: &apos;10.0&apos;, java.version: &apos;1.8.0_241&apos;&#10;Driver info: driver.version: ChromeDriver&#10;remote stacktrace: Backtrace:&#10;	Ordinal0 [0x0092C0C3+3326147]&#10;	Ordinal0 [0x00810851+2164817]&#10;	Ordinal0 [0x00697298+619160]&#10;	Ordinal0 [0x00611D92+73106]&#10;	Ordinal0 [0x0060E119+57625]&#10;	Ordinal0 [0x0060C38A+50058]&#10;	Ordinal0 [0x00635F3E+220990]&#10;	Ordinal0 [0x00635CAC+220332]&#10;	Ordinal0 [0x0063189B+202907]&#10;	Ordinal0 [0x00613DF4+81396]&#10;	Ordinal0 [0x00614DEE+85486]&#10;	Ordinal0 [0x00614D79+85369]&#10;	Ordinal0 [0x008285DC+2262492]&#10;	GetHandleVerifier [0x00AB2874+1487204]&#10;	GetHandleVerifier [0x00AB23CD+1486013]&#10;	GetHandleVerifier [0x00ABA368+1518680]&#10;	GetHandleVerifier [0x00AB2F4E+1488958]&#10;	Ordinal0 [0x0081ED0D+2223373]&#10;	Ordinal0 [0x0082A12B+2269483]&#10;	Ordinal0 [0x0082A26F+2269807]&#10;	Ordinal0 [0x0083ECB8+2354360]&#10;	BaseThreadInitThunk [0x768FFA29+25]&#10;	RtlGetAppContainerNamedObjectPath [0x775C75F4+228]&#10;	RtlGetAppContainerNamedObjectPath [0x775C75C4+180]&#10;"/>
  </testcase>
  <testcase name="tearDown" classname="com.qa.Katalon.tests.LoginPageTest" time="0">
    <skipped/>
  </testcase>
</testsuite>